<?xml version="1.0" encoding="utf-8" standalone="no"?>
<!--This file represents the results of running a test suite-->
<test-results name="D:\MERLIN\DropBox\Dropbox\M1-Programming\VisualProjekte\TDD\Project1.nunit" total="1" errors="0" failures="0" not-run="0" inconclusive="0" ignored="0" skipped="0" invalid="0" date="2011-11-02" time="23:55:57">
  <environment nunit-version="2.5.10.11092" clr-version="2.0.50727.5448" os-version="Microsoft Windows NT 6.1.7601 Service Pack 1" platform="Win32NT" cwd="C:\Program Files (x86)\NUnit 2.5.10\bin\net-2.0" machine-name="MERLINS" user="merlin" user-domain="merlins" />
  <culture-info current-culture="de-DE" current-uiculture="de-DE" />
  <test-suite type="Project" name="D:\MERLIN\DropBox\Dropbox\M1-Programming\VisualProjekte\TDD\Project1.nunit" executed="True" result="Success" success="True" time="0.055" asserts="0">
    <results>
      <test-suite type="Assembly" name="D:\MERLIN\DropBox\Dropbox\M1-Programming\VisualProjekte\TDD\ClassLibrary1\bin\Debug\ClassLibrary1.dll" executed="True" result="Success" success="True" time="0.043" asserts="0">
        <results>
          <test-suite type="Namespace" name="ClassLibrary1" executed="True" result="Success" success="True" time="0.041" asserts="0">
            <results>
              <test-suite type="TestFixture" name="MyMathTest" executed="True" result="Success" success="True" time="0.040" asserts="0">
                <results>
                  <test-case name="ClassLibrary1.MyMathTest.GreatestCommonDivisor" executed="True" result="Success" success="True" time="0.028" asserts="7" />
                </results>
              </test-suite>
            </results>
          </test-suite>
        </results>
      </test-suite>
    </results>
  </test-suite>
</test-results>